[projetoveraobr.site/index.html]
[projetoveraobr.site/js/track-v3.js]
[projetoveraobr.site/js/latest.js]
[cdn.utmify.com.br/scripts/pixel/pixel.js]
[projetoveraobr.site/js/pixel.js]
[projetoveraobr.site/js/AKAZJTrnUUQn.js]
[projetoveraobr.site/js/Z67lWIRbFXNl.js]
[backblue.gif]
[fade.gif]
[index.html]
[projetoveraobr.site/js/QYHziKgAuKSW.js]
[cdn.funnelytics.io/track-v3.js]
[projetoveraobr.site/puppy-love-waltz-214978.mp3]
[projetoveraobr.site/images/Cópia de Cópia de Cópia de Cópia de Cópia de shop-shimano_mobile.webp (Quadro branco) (17).png]
[projetoveraobr.site/images/8XiUcXFCkLjR.png]
[projetoveraobr.site/js/boHWyhcQIsYs.js]
[projetoveraobr.site/media/8VBxhcG2geUE.mp3]
[projetoveraobr.site/media/JWsMfQMTMbhi.mp3]
[projetoveraobr.site/media/xmwdYuhkKU7S.mp3]
[projetoveraobr.site/index.html]
[projetoveraobr.site/GET]
[projetoveraobr.site/POST]
[projetoveraobr.site/link]
[projetoveraobr.site/src]
[player.vimeo.com/api/player.js]
[projetoveraobr.site/js/track-v3.js]
[fast.wistia.net/assets/external/E-v1.js]
[projetoveraobr.site/wa.me]
[projetoveraobr.site/js/latest.js]
[connect.facebook.net/en_US/fbevents.js]
[projetoveraobr.site/js/pixel.js]
[cdn.jsdelivr.net/npm/js-sha256/src/sha256.min.js]
[projetoveraobr.site/js/AKAZJTrnUUQn.js]
[projetoveraobr.site/js/Z67lWIRbFXNl.js]
[projetoveraobr.site/js/QYHziKgAuKSW.js]
[projetoveraobr.site/images/logo growth.html]
[projetoveraobr.site/images/Cópia de Cópia de Cópia de Cópia de Cópia de shop-shimano_mobile.webp (Quadro branco) (17).html]
[projetoveraobr.site/images/resga.html]
[projetoveraobr.site/js/boHWyhcQIsYs.js]
[projetoveraobr.site/GET.html]
[projetoveraobr.site/POST.html]
[projetoveraobr.site/link.html]
[projetoveraobr.site/src.html]
[projetoveraobr.site/wa.html]
[projetoveraobr.site/js/t]
[projetoveraobr.site/js/signals/config/index.html]
[projetoveraobr.site/js/e.1b.delayed]
[projetoveraobr.site/js/t.resolvedLink]
[projetoveraobr.site/js/o]
[projetoveraobr.site/js/signals/plugins/index.html]
[projetoveraobr.site/signals/iwl.js]
[projetoveraobr.site/signals/iwl0fc5.js]
[projetoveraobr.site/js/r.dl]
[projetoveraobr.site/js/r.rl]
[connect.facebook.net/en_US/fbevents.js]
[projetoveraobr.site/js/signals/config/index.html]
[projetoveraobr.site/js/t.html]
[projetoveraobr.site/js/e.html]
[projetoveraobr.site/js/signals/plugins/index.html]
[projetoveraobr.site/js/schema.org/index.html]
[projetoveraobr.site/js/schema.org/index.html]
[projetoveraobr.site/js/t-2.html]
[projetoveraobr.site/js/o.html]
[projetoveraobr.site/signals/iwl.html]
[projetoveraobr.site/signals/iwl0fc5.html]
[projetoveraobr.site/js/r.html]
[projetoveraobr.site/js/r-2.html]
